# Percona Toolkit MySQL Summary Report #######################
              System time | 2026-04-21 16:42:32 UTC (local TZ: UTC +0000)
# Instances ##################################################
  Port  Data Directory             Nice OOM Socket
  ===== ========================== ==== === ======
# MySQL Executable ###########################################
       Path to executable | /usr/sbin/mysqld
              Has symbols | No
# Slave Hosts ################################################
No Slave found
# Report On Port 3306 ########################################
                     User | root@localhost
                     Time | 2026-04-21 16:42:32 (UTC)
                 Hostname | node0
                  Version | 8.0.42-33 Percona Server (GPL), Release 33, Revision 9dc49998
                 Built On | Linux x86_64
                  Started | 2026-04-21 16:02 (up 0+00:40:11)
                Databases | 4
                  Datadir | /var/lib/mysql/
                Processes | 1 connected, 2 running
              Replication | Is not a slave, has 0 slaves connected
                  Pidfile | /var/run/mysqld/mysqld.pid (exists)
# Processlist ################################################

  Command                        COUNT(*) Working SUM(Time) MAX(Time)
  ------------------------------ -------- ------- --------- ---------
  Daemon                                1       1      2500      2500
  Query                                 1       1         0         0

  User                           COUNT(*) Working SUM(Time) MAX(Time)
  ------------------------------ -------- ------- --------- ---------
  event_scheduler                       1       1      2500      2500
  root                                  1       1         0         0

  Host                           COUNT(*) Working SUM(Time) MAX(Time)
  ------------------------------ -------- ------- --------- ---------
  localhost                             2       2      2500      2500

  db                             COUNT(*) Working SUM(Time) MAX(Time)
  ------------------------------ -------- ------- --------- ---------
  NULL                                  2       2      2500      2500

  State                          COUNT(*) Working SUM(Time) MAX(Time)
  ------------------------------ -------- ------- --------- ---------
  Waiting on empty queue                1       1      2500      2500
  init                                  1       1         0         0

# Status Counters (Wait 10 Seconds) ##########################
Variable                                Per day  Per second     10 secs
Bytes_received                            35000                     600
Bytes_sent                              1500000          20        3500
Com_change_db                                70                        
Com_create_db                                35                        
Com_create_table                           1250                        
Com_dealloc_sql                              70                        
Com_execute_sql                              70                        
Com_flush                                    35                        
Com_insert                                   35                        
Com_prepare_sql                              70                        
Com_select                                  100                       2
Com_set_option                              450                        
Com_show_status                              70                        
Com_show_variables                           35                        
Com_stmt_execute                             70                        
Com_stmt_close                               70                        
Com_stmt_prepare                             70                        
Com_update                                   70                        
Connections                                 400                       1
Created_tmp_files                           175                        
Created_tmp_tables                          100                        
Error_log_buffered_bytes                  80000                        
Error_log_buffered_events                   600                        
Error_log_latest_write              60000000000000000 700000000000            
Flush_commands                              150                        
Handler_commit                            22500                        
Handler_delete                              300                        
Handler_external_lock                    250000           2           9
Handler_read_first                         1500                        
Handler_read_key                          70000                       3
Handler_read_next                        150000           1           7
Handler_read_rnd_next                    100000           1         125
Handler_update                            12500                        
Handler_write                             45000                      60
Innodb_buffer_pool_bytes_data         600000000        7000        3500
Innodb_buffer_pool_pages_flushed           7000                        
Innodb_buffer_pool_pages_old              12500                        
Innodb_buffer_pool_read_requests         600000           6          30
Innodb_buffer_pool_reads                  30000                        
Innodb_buffer_pool_write_requests         70000                       9
Innodb_checkpoint_max_age            3000000000       35000            
Innodb_data_fsyncs                         4500                        
Innodb_data_read                      500000000        6000        3500
Innodb_data_reads                         30000                        
Innodb_data_writes                        10000                        
Innodb_data_written                   125000000        1500        1750
Innodb_dblwr_pages_written                 2500                        
Innodb_dblwr_writes                         700                        
Innodb_ibuf_segment_size                     70                        
Innodb_redo_log_uuid                125000000000     1500000            
Innodb_redo_log_checkpoint_lsn        700000000        8000            
Innodb_redo_log_current_lsn           700000000        8000            
Innodb_redo_log_flushed_to_disk_lsn   700000000        8000            
Innodb_redo_log_logical_size              17500                        
Innodb_redo_log_physical_size         125000000        1250            
Innodb_redo_log_capacity_resized     4000000000       45000            
Innodb_log_write_requests                 30000                        
Innodb_log_writes                          1250                        
Innodb_lsn_current                    700000000        8000            
Innodb_lsn_flushed                    700000000        8000            
Innodb_lsn_last_checkpoint            700000000        8000            
Innodb_master_thread_active_loops            35                        
Innodb_master_thread_idle_loops           90000                        
Innodb_max_trx_id                         70000                        
Innodb_os_log_fsyncs                       1000                        
Innodb_os_log_written                   2250000          25            
Innodb_pages_created                       5000                        
Innodb_pages_read                         30000                        
Innodb_pages0_read                          250                        
Innodb_pages_written                       7000                        
Innodb_purge_trx_id                       70000                        
Innodb_system_rows_deleted                  300                        
Innodb_system_rows_inserted                 300                        
Innodb_system_rows_read                  175000           2          10
Innodb_system_rows_updated                12500                        
Innodb_num_open_files                       500                        
Innodb_undo_tablespaces_total                70                        
Innodb_undo_tablespaces_implicit             70                        
Innodb_undo_tablespaces_active               70                        
Innodb_secondary_index_triggered_cluster_reads       80000                       3
Mysqlx_port                             1250000          15            
Mysqlx_ssl_ctx_verify_mode                  175                        
Mysqlx_worker_threads                        70                        
Net_buffer_length                        600000           6            
Open_table_definitions                     1750                        
Opened_files                                 70                        
Opened_table_definitions                   3000                        
Opened_tables                              7000                       4
Performance_schema_session_connect_attrs_longest_seen        5000                        
Queries                                     300                       5
Questions                                   300                       5
Select_scan                                 250                        
Ssl_session_cache_timeout                 10000                        
Table_locks_immediate                       100                        
Table_open_cache_hits                    125000           1            
Table_open_cache_misses                    7000                       4
Threads_created                              35                        
Uptime                                    90000           1           1
# Table cache ################################################
                     Size | 4000
                    Usage | 2%
# Key Percona Server features ################################
      Table & Index Stats | Disabled
     Multiple I/O Threads | Enabled
     Corruption Resilient | Enabled
      Durable Replication | Not Supported
     Import InnoDB Tables | Not Supported
     Fast Server Restarts | Not Supported
         Enhanced Logging | Disabled
     Replica Perf Logging | Disabled
      Response Time Hist. | Not Supported
          Smooth Flushing | Not Supported
      HandlerSocket NoSQL | Not Supported
           Fast Hash UDFs | Unknown
# Percona XtraDB Cluster #####################################
# Plugins ####################################################
       InnoDB compression | ACTIVE
# Schema #####################################################
Specify --databases or --all-databases to dump and summarize schemas
# Noteworthy Technologies ####################################
                      SSL | No
     Explicit LOCK TABLES | No
           Delayed Insert | No
          XA Transactions | No
              NDB Cluster | No
      Prepared Statements | Yes
 Prepared statement count | 0
# InnoDB #####################################################
                  Version | 8.0.42-33
         Buffer Pool Size | 512.0M
         Buffer Pool Fill | 3%
        Buffer Pool Dirty | 0%
           File Per Table | ON
                Page Size | 16k
            Log File Size | 2 * 48.0M = 96.0M
          Log Buffer Size | 16M
             Flush Method | fsync
      Flush Log At Commit | 1
               XA Support | 
                Checksums | 
              Doublewrite | ON
          R/W I/O Threads | 4 4
             I/O Capacity | 200
       Thread Concurrency | 0
      Concurrency Tickets | 5000
       Commit Concurrency | 0
      Txn Isolation Level | REPEATABLE-READ
        Adaptive Flushing | ON
      Adaptive Checkpoint | 
           Checkpoint Age | 0
             InnoDB Queue | 0 queries inside InnoDB, 0 queries in queue
       Oldest Transaction | 0 Seconds
         History List Len | 0
               Read Views | 0
         Undo Log Entries | 0 transactions, 0 total undo, 0 max undo
        Pending I/O Reads | 0 buf pool reads, 0 normal AIO, 0 ibuf AIO, 0 preads
       Pending I/O Writes | 0 buf pool (0 LRU, 0 flush list, 0 page); 0 AIO, 0 sync, 0 log IO (0 log, 0 chkp); 0 pwrites
      Pending I/O Flushes | 0 buf pool, 0 log
       Transaction States | 3xnot started
# MyISAM #####################################################
                Key Cache | 8.0M
                 Pct Used | 20%
                Unflushed | 0%
# Security ###################################################
                    Users | 2 users, 0 anon, 0 w/o pw, 2 old pw
            Old Passwords | 
# Encryption #################################################
No keyring plugins found
# Binary Logging #############################################
                  Binlogs | 1
               Zero-Sized | 0
               Total Size | 157.0
            binlog_format | ROW
         expire_logs_days | 0
              sync_binlog | 1
                server_id | 2887715330
             binlog_do_db | 
         binlog_ignore_db | 
# Noteworthy Variables #######################################
     Auto-Inc Incr/Offset | 1/1
   default_storage_engine | InnoDB
               flush_time | 0
             init_connect | 
                init_file | 
                 sql_mode | ONLY_FULL_GROUP_BY,STRICT_TRANS_TABLES,NO_ZERO_IN_DATE,NO_ZERO_DATE,ERROR_FOR_DIVISION_BY_ZERO,NO_ENGINE_SUBSTITUTION
         join_buffer_size | 256k
         sort_buffer_size | 256k
         read_buffer_size | 128k
     read_rnd_buffer_size | 256k
       bulk_insert_buffer | 0.00
      max_heap_table_size | 16M
           tmp_table_size | 16M
       max_allowed_packet | 64M
             thread_stack | 1M
                      log | 
                log_error | /var/log/mysqld.log
             log_warnings | 
         log_slow_queries | 
log_queries_not_using_indexes | OFF
        log_slave_updates | ON
# Configuration File #########################################
              Config File | /etc/my.cnf

[mysqld]
datadir                             = /var/lib/mysql
socket                              = /var/lib/mysql/mysql.sock
log-error                           = /var/log/mysqld.log
pid-file                            = /var/run/mysqld/mysqld.pid

[mysqld]
bind-address                        = 0.0.0.0
innodb_buffer_pool_size             = 512M
server_id                           = 2887715330
report_host                         = 172.31.10.2
log-bin                             = mysqld-bin
enforce_gtid_consistency            = ON
gtid_mode                           = ON
log-slave-updates
loose-mysql_native_password         = ON 
# Memory management library ##################################
jemalloc is not enabled in mysql config for process with id 5555
# The End ####################################################
